<?xml version="1.0" encoding="UTF-8"?>
<!-- Generated by org.testng.reporters.JUnitReportReporter -->
<testsuite skipped="0" hostname="ATMECSINDT-006" name="com.atmecs.tutorialninja.testscripts.PhpTravels" tests="1" failures="0" timestamp="2019-11-08T16:52:30 IST" time="0.018" errors="0">
  <testcase name="phptravels" time="0.018" classname="com.atmecs.tutorialninja.testscripts.PhpTravels"/>
</testsuite> <!-- com.atmecs.tutorialninja.testscripts.PhpTravels -->
