<?xml version="1.0" encoding="UTF-8"?>
<!-- Generated by org.testng.reporters.JUnitReportReporter -->
<testsuite hostname="ATMECSINLT-060" failures="0" tests="1" name="com.atmecs.tutorialninja.testscripts.HomePage" time="28.760" errors="0" timestamp="2019-11-18T17:06:53 IST" skipped="0">
  <testcase classname="com.atmecs.tutorialninja.testscripts.HomePage" name="home" time="28.760"/>
</testsuite> <!-- com.atmecs.tutorialninja.testscripts.HomePage -->
