<?xml version="1.0" encoding="UTF-8"?>
<!-- Generated by org.testng.reporters.JUnitReportReporter -->
<testsuite hostname="ATMECSINLT-060" failures="0" tests="1" name="com.atmecs.tutorialninja.testscripts.HomePage" time="12.295" errors="0" timestamp="13 Nov 2019 09:02:26 GMT" skipped="0">
  <testcase classname="com.atmecs.tutorialninja.testscripts.HomePage" name="home" time="12.295"/>
</testsuite> <!-- com.atmecs.tutorialninja.testscripts.HomePage -->
