<?xml version="1.0" encoding="UTF-8"?>
<!-- Generated by org.testng.reporters.JUnitReportReporter -->
<testsuite hostname="ATMECSINLT-060" failures="0" tests="1" name="com.atmecs.tutorialninja.testscripts.HomePage" time="32.285" errors="0" timestamp="19 Nov 2019 08:52:27 GMT" skipped="0">
  <testcase classname="com.atmecs.tutorialninja.testscripts.HomePage" name="home" time="32.285"/>
</testsuite> <!-- com.atmecs.tutorialninja.testscripts.HomePage -->
